#
# A fatal error has been detected by the Java Runtime Environment:
#
#  EXCEPTION_ACCESS_VIOLATION (0xc0000005) at pc=0x000000007177f973, pid=2560, tid=0x0000000000000264
#
# JRE version: Java(TM) SE Runtime Environment (8.0_161-b12) (build 1.8.0_161-b12)
# Java VM: Java HotSpot(TM) 64-Bit Server VM (25.161-b12 mixed mode windows-amd64 compressed oops)
# Problematic frame:
# V  [jvm.dll+0x3ff973]
#
# Failed to write core dump. Minidumps are not enabled by default on client versions of Windows
#
# If you would like to submit a bug report, please visit:
#   http://bugreport.java.com/bugreport/crash.jsp
#

---------------  T H R E A D  ---------------

Current thread (0x0000000002285000):  GCTaskThread [stack: 0x0000000011ec0000,0x0000000011fc0000] [id=612]

siginfo: ExceptionCode=0xc0000005, reading address 0xffffffffffffffff

Registers:
RAX=0x0100044e56444100, RBX=0x0000000011fbf8f8, RCX=0x0000000000200037, RDX=0x0000000053feab80
RSP=0x0000000011fbf850, RBP=0x0000000000d60000, RSI=0x0000000000d5000c, RDI=0x0000000000000003
R8 =0x00000000daa800f0, R9 =0x0000000000200037, R10=0x0000000000035800, R11=0x00000000daa800f0
R12=0x0000000071b9f860, R13=0x00000000000000d5, R14=0x00000000dab00000, R15=0x0000000011fbf8f8
RIP=0x000000007177f973, EFLAGS=0x0000000000010207

Top of Stack: (sp=0x0000000011fbf850)
0x0000000011fbf850:   0000000011fbf8f8 0000000000d50000
0x0000000011fbf860:   0000000000d4fffb 000000007177e075
0x0000000011fbf870:   0000000000d60000 00000000717751cd
0x0000000011fbf880:   0000000000d5000a 00000000717809ae
0x0000000011fbf890:   0000000000000000 000000007177f938
0x0000000011fbf8a0:   00000000e2cd8450 00000000dab00000
0x0000000011fbf8b0:   00000000000000d5 0000000000000000
0x0000000011fbf8c0:   00000000d4000000 0000000071780c74
0x0000000011fbf8d0:   0000000000000000 0000000011fbf938
0x0000000011fbf8e0:   0000000000d50009 0000000011fbf938
0x0000000011fbf8f0:   0000000000460000 00000000719d6e98
0x0000000011fbf900:   0000000071b9f860 0000000053feab80
0x0000000011fbf910:   000000000000ffe2 00000000daa80050
0x0000000011fbf920:   000000000227e280 00000000daa800f0
0x0000000011fbf930:   0000000002285000 0000000002285910
0x0000000011fbf940:   0000000002285900 0000000000000000 

Instructions: (pc=0x000000007177f973)
0x000000007177f953:   03 0d 47 3e 3a 00 eb 04 4d 8b 48 08 41 81 79 08
0x000000007177f963:   00 00 00 c0 73 10 49 8b 01 48 8b 53 10 49 8b c9
0x000000007177f973:   ff 90 28 01 00 00 48 29 7b 18 48 8d 04 fd 00 00
0x000000007177f983:   00 00 b9 02 00 00 00 48 01 43 20 48 01 43 30 33 


Register to memory mapping:

RAX=0x0100044e56444100 is an unknown value
RBX=0x0000000011fbf8f8 is an unknown value
RCX=0x0000000000200037 is an unknown value
RDX=0x0000000053feab80 is an unknown value
RSP=0x0000000011fbf850 is an unknown value
RBP=0x0000000000d60000 is an unknown value
RSI=0x0000000000d5000c is an unknown value
RDI=0x0000000000000003 is an unknown value
R8 =0x00000000daa800f0 is an oop

[error occurred during error reporting (printing register info), id 0xc0000005]

Stack: [0x0000000011ec0000,0x0000000011fc0000],  sp=0x0000000011fbf850,  free space=1022k
Native frames: (J=compiled Java code, j=interpreted, Vv=VM code, C=native code)
V  [jvm.dll+0x3ff973]
V  [jvm.dll+0x3f51cd]
V  [jvm.dll+0x400c74]
V  [jvm.dll+0x3f876a]
V  [jvm.dll+0x3f6176]
V  [jvm.dll+0x3f380e]
V  [jvm.dll+0x29cc4a]
C  [msvcr100.dll+0x21d9f]
C  [msvcr100.dll+0x21e3b]
C  [kernel32.dll+0x1556d]
C  [ntdll.dll+0x5372d]


---------------  P R O C E S S  ---------------

Java Threads: ( => current thread )
  0x000000005610e800 
[error occurred during error reporting (printing all threads), id 0xc0000005]

VM state:at safepoint (normal execution)

VM Mutex/Monitor currently owned by a thread:  ([mutex/lock_event])
[0x000000000224d080] Threads_lock - owner thread: 0x000000005404e000
[0x000000000224d580] Heap_lock - owner thread: 0x000000005610e800

Heap:
 PSYoungGen      total 204288K, used 27963K [0x00000000f1580000, 0x0000000100000000, 0x0000000100000000)
  eden space 175616K, 0% used [0x00000000f1580000,0x00000000f1580000,0x00000000fc100000)
  from space 28672K, 97% used [0x00000000fe400000,0x00000000fff4ec08,0x0000000100000000)
  to   space 32256K, 0% used [0x00000000fc100000,0x00000000fc100000,0x00000000fe080000)
 ParOldGen       total 256512K, used 242529K [0x00000000d4000000, 0x00000000e3a80000, 0x00000000f1580000)
  object space 256512K, 94% used [0x00000000d4000000,0x00000000e2cd8450,0x00000000e3a80000)
 Metaspace       used 14017K, capacity 14252K, committed 14336K, reserved 1062912K
  class space    used 1709K, capacity 1778K, committed 1792K, reserved 1048576K

Card table byte_map: [0x00000000023d0000,0x0000000002540000] byte_map_base: 0x0000000001d30000

Marking Bits: (ParMarkBitMap*) 0x0000000071b9f860
 Begin Bits: [0x0000000011fc0000, 0x0000000012ac0000)
 End Bits:   [0x0000000012ac0000, 0x00000000135c0000)

Polling page: 0x0000000000430000

CodeCache: size=245760Kb used=6184Kb max_used=6184Kb free=239575Kb
 bounds [0x0000000002960000, 0x0000000002f70000, 0x0000000011960000]
 total_blobs=2272 nmethods=1763 adapters=422
 compilation: enabled

Compilation events (10 events):
Event: 29.452 Thread 0x0000000054115800 1819       3       javax.swing.plaf.synth.SynthPanelUI::update (41 bytes)
Event: 29.457 Thread 0x0000000054115800 nmethod 1819 0x0000000002f6b190 code [0x0000000002f6b440, 0x0000000002f6c788]
Event: 29.457 Thread 0x0000000054115800 1820       3       javax.swing.plaf.nimbus.SynthPainterImpl::paintPanelBackground (15 bytes)
Event: 29.457 Thread 0x0000000054115800 nmethod 1820 0x0000000002f6d390 code [0x0000000002f6d500, 0x0000000002f6d6a8]
Event: 29.457 Thread 0x0000000054115800 1821       3       javax.swing.plaf.synth.SynthPanelUI::paint (1 bytes)
Event: 29.458 Thread 0x0000000054115800 nmethod 1821 0x0000000002f6d750 code [0x0000000002f6d8a0, 0x0000000002f6d9f0]
Event: 29.458 Thread 0x0000000054115800 1822       3       javax.swing.plaf.synth.SynthPanelUI::paintBorder (17 bytes)
Event: 29.459 Thread 0x0000000054115800 nmethod 1822 0x0000000002f6da50 code [0x0000000002f6dbe0, 0x0000000002f6dfd8]
Event: 29.459 Thread 0x0000000054115800 1823       3       javax.swing.plaf.nimbus.SynthPainterImpl::paintPanelBorder (15 bytes)
Event: 29.460 Thread 0x0000000054115800 nmethod 1823 0x0000000002f6e190 code [0x0000000002f6e300, 0x0000000002f6e658]

GC Heap History (10 events):
Event: 28.067 GC heap after
Heap after GC invocations=37 (full 5):
 PSYoungGen      total 206848K, used 16384K [0x00000000f1580000, 0x0000000100000000, 0x0000000100000000)
  eden space 181760K, 0% used [0x00000000f1580000,0x00000000f1580000,0x00000000fc700000)
  from space 25088K, 65% used [0x00000000fe780000,0x00000000ff780000,0x0000000100000000)
  to   space 29184K, 0% used [0x00000000fc700000,0x00000000fc700000,0x00000000fe380000)
 ParOldGen       total 256512K, used 208777K [0x00000000d4000000, 0x00000000e3a80000, 0x00000000f1580000)
  object space 256512K, 81% used [0x00000000d4000000,0x00000000e0be2450,0x00000000e3a80000)
 Metaspace       used 13976K, capacity 14188K, committed 14336K, reserved 1062912K
  class space    used 1709K, capacity 1778K, committed 1792K, reserved 1048576K
}
Event: 28.438 GC heap before
{Heap before GC invocations=38 (full 5):
 PSYoungGen      total 206848K, used 198144K [0x00000000f1580000, 0x0000000100000000, 0x0000000100000000)
  eden space 181760K, 100% used [0x00000000f1580000,0x00000000fc700000,0x00000000fc700000)
  from space 25088K, 65% used [0x00000000fe780000,0x00000000ff780000,0x0000000100000000)
  to   space 29184K, 0% used [0x00000000fc700000,0x00000000fc700000,0x00000000fe380000)
 ParOldGen       total 256512K, used 208777K [0x00000000d4000000, 0x00000000e3a80000, 0x00000000f1580000)
  object space 256512K, 81% used [0x00000000d4000000,0x00000000e0be2450,0x00000000e3a80000)
 Metaspace       used 13976K, capacity 14188K, committed 14336K, reserved 1062912K
  class space    used 1709K, capacity 1778K, committed 1792K, reserved 1048576K
Event: 28.540 GC heap after
Heap after GC invocations=38 (full 5):
 PSYoungGen      total 210944K, used 17728K [0x00000000f1580000, 0x0000000100000000, 0x0000000100000000)
  eden space 181760K, 0% used [0x00000000f1580000,0x00000000f1580000,0x00000000fc700000)
  from space 29184K, 60% used [0x00000000fc700000,0x00000000fd850000,0x00000000fe380000)
  to   space 29184K, 0% used [0x00000000fe380000,0x00000000fe380000,0x0000000100000000)
 ParOldGen       total 256512K, used 216025K [0x00000000d4000000, 0x00000000e3a80000, 0x00000000f1580000)
  object space 256512K, 84% used [0x00000000d4000000,0x00000000e12f6450,0x00000000e3a80000)
 Metaspace       used 13976K, capacity 14188K, committed 14336K, reserved 1062912K
  class space    used 1709K, capacity 1778K, committed 1792K, reserved 1048576K
}
Event: 28.992 GC heap before
{Heap before GC invocations=39 (full 5):
 PSYoungGen      total 210944K, used 199488K [0x00000000f1580000, 0x0000000100000000, 0x0000000100000000)
  eden space 181760K, 100% used [0x00000000f1580000,0x00000000fc700000,0x00000000fc700000)
  from space 29184K, 60% used [0x00000000fc700000,0x00000000fd850000,0x00000000fe380000)
  to   space 29184K, 0% used [0x00000000fe380000,0x00000000fe380000,0x0000000100000000)
 ParOldGen       total 256512K, used 216025K [0x00000000d4000000, 0x00000000e3a80000, 0x00000000f1580000)
  object space 256512K, 84% used [0x00000000d4000000,0x00000000e12f6450,0x00000000e3a80000)
 Metaspace       used 13990K, capacity 14252K, committed 14336K, reserved 1062912K
  class space    used 1709K, capacity 1778K, committed 1792K, reserved 1048576K
Event: 29.105 GC heap after
Heap after GC invocations=39 (full 5):
 PSYoungGen      total 209920K, used 17472K [0x00000000f1580000, 0x00000000fff00000, 0x0000000100000000)
  eden space 181760K, 0% used [0x00000000f1580000,0x00000000f1580000,0x00000000fc700000)
  from space 28160K, 62% used [0x00000000fe380000,0x00000000ff490000,0x00000000fff00000)
  to   space 28672K, 0% used [0x00000000fc700000,0x00000000fc700000,0x00000000fe300000)
 ParOldGen       total 256512K, used 225113K [0x00000000d4000000, 0x00000000e3a80000, 0x00000000f1580000)
  object space 256512K, 87% used [0x00000000d4000000,0x00000000e1bd6450,0x00000000e3a80000)
 Metaspace       used 13990K, capacity 14252K, committed 14336K, reserved 1062912K
  class space    used 1709K, capacity 1778K, committed 1792K, reserved 1048576K
}
Event: 29.505 GC heap before
{Heap before GC invocations=40 (full 5):
 PSYoungGen      total 209920K, used 199232K [0x00000000f1580000, 0x00000000fff00000, 0x0000000100000000)
  eden space 181760K, 100% used [0x00000000f1580000,0x00000000fc700000,0x00000000fc700000)
  from space 28160K, 62% used [0x00000000fe380000,0x00000000ff490000,0x00000000fff00000)
  to   space 28672K, 0% used [0x00000000fc700000,0x00000000fc700000,0x00000000fe300000)
 ParOldGen       total 256512K, used 225113K [0x00000000d4000000, 0x00000000e3a80000, 0x00000000f1580000)
  object space 256512K, 87% used [0x00000000d4000000,0x00000000e1bd6450,0x00000000e3a80000)
 Metaspace       used 14017K, capacity 14252K, committed 14336K, reserved 1062912K
  class space    used 1709K, capacity 1778K, committed 1792K, reserved 1048576K
Event: 29.619 GC heap after
Heap after GC invocations=40 (full 5):
 PSYoungGen      total 210432K, used 17728K [0x00000000f1580000, 0x0000000100000000, 0x0000000100000000)
  eden space 181760K, 0% used [0x00000000f1580000,0x00000000f1580000,0x00000000fc700000)
  from space 28672K, 61% used [0x00000000fc700000,0x00000000fd850000,0x00000000fe300000)
  to   space 28672K, 0% used [0x00000000fe400000,0x00000000fe400000,0x0000000100000000)
 ParOldGen       total 256512K, used 233697K [0x00000000d4000000, 0x00000000e3a80000, 0x00000000f1580000)
  object space 256512K, 91% used [0x00000000d4000000,0x00000000e2438450,0x00000000e3a80000)
 Metaspace       used 14017K, capacity 14252K, committed 14336K, reserved 1062912K
  class space    used 1709K, capacity 1778K, committed 1792K, reserved 1048576K
}
Event: 30.042 GC heap before
{Heap before GC invocations=41 (full 5):
 PSYoungGen      total 210432K, used 199488K [0x00000000f1580000, 0x0000000100000000, 0x0000000100000000)
  eden space 181760K, 100% used [0x00000000f1580000,0x00000000fc700000,0x00000000fc700000)
  from space 28672K, 61% used [0x00000000fc700000,0x00000000fd850000,0x00000000fe300000)
  to   space 28672K, 0% used [0x00000000fe400000,0x00000000fe400000,0x0000000100000000)
 ParOldGen       total 256512K, used 233697K [0x00000000d4000000, 0x00000000e3a80000, 0x00000000f1580000)
  object space 256512K, 91% used [0x00000000d4000000,0x00000000e2438450,0x00000000e3a80000)
 Metaspace       used 14017K, capacity 14252K, committed 14336K, reserved 1062912K
  class space    used 1709K, capacity 1778K, committed 1792K, reserved 1048576K
Event: 30.240 GC heap after
Heap after GC invocations=41 (full 5):
 PSYoungGen      total 204288K, used 27963K [0x00000000f1580000, 0x0000000100000000, 0x0000000100000000)
  eden space 175616K, 0% used [0x00000000f1580000,0x00000000f1580000,0x00000000fc100000)
  from space 28672K, 97% used [0x00000000fe400000,0x00000000fff4ec08,0x0000000100000000)
  to   space 32256K, 0% used [0x00000000fc100000,0x00000000fc100000,0x00000000fe080000)
 ParOldGen       total 256512K, used 242529K [0x00000000d4000000, 0x00000000e3a80000, 0x00000000f1580000)
  object space 256512K, 94% used [0x00000000d4000000,0x00000000e2cd8450,0x00000000e3a80000)
 Metaspace       used 14017K, capacity 14252K, committed 14336K, reserved 1062912K
  class space    used 1709K, capacity 1778K, committed 1792K, reserved 1048576K
}
Event: 30.240 GC heap before
{Heap before GC invocations=42 (full 6):
 PSYoungGen      total 204288K, used 27963K [0x00000000f1580000, 0x0000000100000000, 0x0000000100000000)
  eden space 175616K, 0% used [0x00000000f1580000,0x00000000f1580000,0x00000000fc100000)
  from space 28672K, 97% used [0x00000000fe400000,0x00000000fff4ec08,0x0000000100000000)
  to   space 32256K, 0% used [0x00000000fc100000,0x00000000fc100000,0x00000000fe080000)
 ParOldGen       total 256512K, used 242529K [0x00000000d4000000, 0x00000000e3a80000, 0x00000000f1580000)
  object space 256512K, 94% used [0x00000000d4000000,0x00000000e2cd8450,0x00000000e3a80000)
 Metaspace       used 14017K, capacity 14252K, committed 14336K, reserved 1062912K
  class space    used 1709K, capacity 1778K, committed 1792K, reserved 1048576K

Deoptimization events (9 events):
Event: 2.534 Thread 0x00000000557da000 Uncommon trap: reason=unstable_if action=reinterpret pc=0x0000000002b50498 method=java.util.HashMap.putVal(ILjava/lang/Object;Ljava/lang/Object;ZZ)Ljava/lang/Object; @ 206
Event: 8.100 Thread 0x0000000055d94800 Uncommon trap: reason=class_check action=maybe_recompile pc=0x0000000002a76a58 method=java.lang.String.equals(Ljava/lang/Object;)Z @ 8
Event: 8.100 Thread 0x0000000055d94800 Uncommon trap: reason=class_check action=maybe_recompile pc=0x0000000002a76a58 method=java.lang.String.equals(Ljava/lang/Object;)Z @ 8
Event: 10.293 Thread 0x000000005610e800 Uncommon trap: reason=unstable_if action=reinterpret pc=0x0000000002caed5c method=java.io.BufferedReader.readLine(Z)Ljava/lang/String; @ 192
Event: 10.421 Thread 0x000000005610e800 Uncommon trap: reason=predicate action=maybe_recompile pc=0x0000000002cb5fa4 method=java.util.AbstractCollection.toArray([Ljava/lang/Object;)[Ljava/lang/Object; @ 49
Event: 10.628 Thread 0x000000005610e800 Uncommon trap: reason=array_check action=maybe_recompile pc=0x0000000002cedff4 method=java.util.AbstractCollection.toArray([Ljava/lang/Object;)[Ljava/lang/Object; @ 119
Event: 10.629 Thread 0x000000005610e800 Uncommon trap: reason=array_check action=maybe_recompile pc=0x0000000002cedff4 method=java.util.AbstractCollection.toArray([Ljava/lang/Object;)[Ljava/lang/Object; @ 119
Event: 10.629 Thread 0x000000005610e800 Uncommon trap: reason=array_check action=maybe_recompile pc=0x0000000002cedff4 method=java.util.AbstractCollection.toArray([Ljava/lang/Object;)[Ljava/lang/Object; @ 119
Event: 10.630 Thread 0x000000005610e800 Uncommon trap: reason=array_check action=maybe_recompile pc=0x0000000002cedff4 method=java.util.AbstractCollection.toArray([Ljava/lang/Object;)[Ljava/lang/Object; @ 119

Classes redefined (0 events):
No events

Internal exceptions (10 events):
Event: 1.519 Thread 0x000000000224e800 Exception <a 'java/lang/ClassNotFoundException': ToolBar> (0x00000000f18eec90) thrown at [C:\re\workspace\8-2-build-windows-amd64-cygwin\jdk8u161\10277\hotspot\src\share\vm\classfile\systemDictionary.cpp, line 210]
Event: 1.520 Thread 0x000000000224e800 Exception <a 'java/lang/ClassNotFoundException': ToggleButton> (0x00000000f18ef240) thrown at [C:\re\workspace\8-2-build-windows-amd64-cygwin\jdk8u161\10277\hotspot\src\share\vm\classfile\systemDictionary.cpp, line 210]
Event: 1.520 Thread 0x000000000224e800 Exception <a 'java/lang/ClassNotFoundException': javax/swing/JToolBarSeparator> (0x00000000f18ef6a0) thrown at [C:\re\workspace\8-2-build-windows-amd64-cygwin\jdk8u161\10277\hotspot\src\share\vm\classfile\systemDictionary.cpp, line 210]
Event: 1.520 Thread 0x000000000224e800 Exception <a 'java/lang/ClassNotFoundException': ToolBarSeparator> (0x00000000f18efb38) thrown at [C:\re\workspace\8-2-build-windows-amd64-cygwin\jdk8u161\10277\hotspot\src\share\vm\classfile\systemDictionary.cpp, line 210]
Event: 1.522 Thread 0x000000000224e800 Exception <a 'java/lang/ClassNotFoundException': ToolTip> (0x00000000f18f0278) thrown at [C:\re\workspace\8-2-build-windows-amd64-cygwin\jdk8u161\10277\hotspot\src\share\vm\classfile\systemDictionary.cpp, line 210]
Event: 1.527 Thread 0x000000000224e800 Exception <a 'java/lang/ClassNotFoundException': Tree> (0x00000000f18f0e98) thrown at [C:\re\workspace\8-2-build-windows-amd64-cygwin\jdk8u161\10277\hotspot\src\share\vm\classfile\systemDictionary.cpp, line 210]
Event: 1.529 Thread 0x000000000224e800 Exception <a 'java/lang/ClassNotFoundException': Tree> (0x00000000f18f15d8) thrown at [C:\re\workspace\8-2-build-windows-amd64-cygwin\jdk8u161\10277\hotspot\src\share\vm\classfile\systemDictionary.cpp, line 210]
Event: 1.529 Thread 0x000000000224e800 Exception <a 'java/lang/ClassNotFoundException': javax/swing/JTreeCell> (0x00000000f18f1958) thrown at [C:\re\workspace\8-2-build-windows-amd64-cygwin\jdk8u161\10277\hotspot\src\share\vm\classfile\systemDictionary.cpp, line 210]
Event: 1.530 Thread 0x000000000224e800 Exception <a 'java/lang/ClassNotFoundException': TreeCell> (0x00000000f18f1de0) thrown at [C:\re\workspace\8-2-build-windows-amd64-cygwin\jdk8u161\10277\hotspot\src\share\vm\classfile\systemDictionary.cpp, line 210]
Event: 1.532 Thread 0x000000000224e800 Exception <a 'java/lang/ClassNotFoundException': RootPane> (0x00000000f18f2840) thrown at [C:\re\workspace\8-2-build-windows-amd64-cygwin\jdk8u161\10277\hotspot\src\share\vm\classfile\systemDictionary.cpp, line 210]

Events (10 events):
Event: 28.067 Executing VM operation: ParallelGCFailedAllocation done
Event: 28.351 Thread 0x000000005610e800 DEOPT PACKING pc=0x0000000002e85143 sp=0x000000005a48f100
Event: 28.351 Thread 0x000000005610e800 DEOPT UNPACKING pc=0x00000000029a71d0 sp=0x000000005a48eed0 mode 0
Event: 28.437 Executing VM operation: ParallelGCFailedAllocation
Event: 28.540 Executing VM operation: ParallelGCFailedAllocation done
Event: 28.992 Executing VM operation: ParallelGCFailedAllocation
Event: 29.105 Executing VM operation: ParallelGCFailedAllocation done
Event: 29.505 Executing VM operation: ParallelGCFailedAllocation
Event: 29.619 Executing VM operation: ParallelGCFailedAllocation done
Event: 30.042 Executing VM operation: ParallelGCFailedAllocation


Dynamic libraries:
0x000000013f950000 - 0x000000013f987000 	C:\Program Files\Java\jdk1.8.0_161\bin\java.exe
0x00000000778d0000 - 0x0000000077a6f000 	C:\Windows\SYSTEM32\ntdll.dll
0x00000000776b0000 - 0x00000000777cf000 	C:\Windows\system32\kernel32.dll
0x000007fefd770000 - 0x000007fefd7d7000 	C:\Windows\system32\KERNELBASE.dll
0x000007feff650000 - 0x000007feff72b000 	C:\Windows\system32\ADVAPI32.dll
0x000007feff9e0000 - 0x000007feffa7f000 	C:\Windows\system32\msvcrt.dll
0x000007fefd7e0000 - 0x000007fefd7ff000 	C:\Windows\SYSTEM32\sechost.dll
0x000007fefe110000 - 0x000007fefe23c000 	C:\Windows\system32\RPCRT4.dll
0x00000000777d0000 - 0x00000000778cb000 	C:\Windows\system32\USER32.dll
0x000007fefe440000 - 0x000007fefe4a7000 	C:\Windows\system32\GDI32.dll
0x000007feffbb0000 - 0x000007feffbbe000 	C:\Windows\system32\LPK.dll
0x000007feff4a0000 - 0x000007feff56b000 	C:\Windows\system32\USP10.dll
0x000007fefc960000 - 0x000007fefcb55000 	C:\Windows\WinSxS\amd64_microsoft.windows.common-controls_6595b64144ccf1df_6.0.7601.24483_none_e372d88f30fbb845\COMCTL32.dll
0x000007fefdf80000 - 0x000007fefdff1000 	C:\Windows\system32\SHLWAPI.dll
0x000007feff9b0000 - 0x000007feff9de000 	C:\Windows\system32\IMM32.DLL
0x000007fefe000000 - 0x000007fefe10b000 	C:\Windows\system32\MSCTF.dll
0x0000000074750000 - 0x0000000074822000 	C:\Program Files\Java\jdk1.8.0_161\jre\bin\msvcr100.dll
0x0000000071380000 - 0x0000000071c1f000 	C:\Program Files\Java\jdk1.8.0_161\jre\bin\server\jvm.dll
0x000007fef8040000 - 0x000007fef8049000 	C:\Windows\system32\WSOCK32.dll
0x000007feff960000 - 0x000007feff9ad000 	C:\Windows\system32\WS2_32.dll
0x000007feffa80000 - 0x000007feffa88000 	C:\Windows\system32\NSI.dll
0x000007fefa4f0000 - 0x000007fefa52b000 	C:\Windows\system32\WINMM.dll
0x000007fefbea0000 - 0x000007fefbeac000 	C:\Windows\system32\VERSION.dll
0x0000000077a80000 - 0x0000000077a87000 	C:\Windows\system32\PSAPI.DLL
0x0000000074a90000 - 0x0000000074a9f000 	C:\Program Files\Java\jdk1.8.0_161\jre\bin\verify.dll
0x00000000744b0000 - 0x00000000744d9000 	C:\Program Files\Java\jdk1.8.0_161\jre\bin\java.dll
0x0000000074730000 - 0x0000000074746000 	C:\Program Files\Java\jdk1.8.0_161\jre\bin\zip.dll
0x000007fefe4d0000 - 0x000007feff25b000 	C:\Windows\system32\SHELL32.dll
0x000007fefe240000 - 0x000007fefe43f000 	C:\Windows\system32\ole32.dll
0x000007fefd430000 - 0x000007fefd43f000 	C:\Windows\system32\profapi.dll
0x0000000072eb0000 - 0x0000000073048000 	C:\Program Files\Java\jdk1.8.0_161\jre\bin\awt.dll
0x000007feff570000 - 0x000007feff64b000 	C:\Windows\system32\OLEAUT32.dll
0x000007fefb6b0000 - 0x000007fefb706000 	C:\Windows\system32\uxtheme.dll
0x000007fefb040000 - 0x000007fefb058000 	C:\Windows\system32\dwmapi.dll
0x000007fefd2c0000 - 0x000007fefd2cf000 	C:\Windows\system32\CRYPTBASE.dll
0x0000000074350000 - 0x0000000074397000 	C:\Program Files\Java\jdk1.8.0_161\jre\bin\fontmanager.dll
0x000007fef4680000 - 0x000007fef479d000 	C:\Windows\system32\opengl32.dll
0x000007fef4650000 - 0x000007fef467d000 	C:\Windows\system32\GLU32.dll
0x000007fef4550000 - 0x000007fef4641000 	C:\Windows\system32\DDRAW.dll
0x000007fef4540000 - 0x000007fef4548000 	C:\Windows\system32\DCIMAN32.dll
0x000007feff2c0000 - 0x000007feff497000 	C:\Windows\system32\SETUPAPI.dll
0x000007fefd600000 - 0x000007fefd636000 	C:\Windows\system32\CFGMGR32.dll
0x000007fefd730000 - 0x000007fefd74a000 	C:\Windows\system32\DEVOBJ.dll
0x000007feedca0000 - 0x000007feede9f000 	C:\Windows\system32\d3d9.dll
0x000007fef0650000 - 0x000007fef0657000 	C:\Windows\system32\d3d8thk.dll
0x000007fee70f0000 - 0x000007fee81a6000 	C:\Windows\system32\nvd3dumx.dll
0x000007fefb360000 - 0x000007fefb38c000 	C:\Windows\system32\powrprof.dll
0x000007fef0b30000 - 0x000007fef0c9c000 	C:\Program Files (x86)\NVIDIA Corporation\3D Vision\nvSCPAPI64.dll
0x0000000074280000 - 0x00000000742b1000 	C:\Program Files\Java\jdk1.8.0_161\jre\bin\jpeg.dll
0x000007feff8c0000 - 0x000007feff959000 	C:\Windows\system32\CLBCatQ.DLL
0x0000000074890000 - 0x00000000748ba000 	C:\Program Files\Java\jdk1.8.0_161\jre\bin\dcpr.dll
0x00000000749c0000 - 0x00000000749da000 	C:\Program Files\Java\jdk1.8.0_161\jre\bin\net.dll
0x000007fefc8e0000 - 0x000007fefc935000 	C:\Windows\system32\mswsock.dll
0x000007fefc8d0000 - 0x000007fefc8d7000 	C:\Windows\System32\wship6.dll
0x00000000743a0000 - 0x00000000743b1000 	C:\Program Files\Java\jdk1.8.0_161\jre\bin\nio.dll
0x0000000074300000 - 0x0000000074342000 	C:\Program Files\Java\jdk1.8.0_161\jre\bin\t2k.dll
0x000007fef69c0000 - 0x000007fef6ae5000 	C:\Windows\system32\dbghelp.dll

VM Arguments:
jvm_args: -Dfile.encoding=UTF-8 
java_command: ViewBingo.frmMidBingo
java_class_path (initial): C:\Users\Pituba\Desktop\JDBC drivers firebird\jaybird-3.0.5-javadoc.jar;C:\Users\Pituba\Desktop\JDBC drivers firebird\jaybird-3.0.5-sources.jar;C:\Users\Pituba\Desktop\JDBC drivers firebird\jaybird-3.0.5.jar;C:\Users\Pituba\Desktop\JDBC drivers firebird\jaybird-full-2.1.1.jar;C:\Users\Pituba\Desktop\JDBC drivers firebird\jaybird-full-3.0.5.jar;C:\Users\Pituba\Desktop\JDBC drivers firebird\lib\antlr-runtime-4.7.jar;C:\Users\Pituba\Desktop\JDBC drivers firebird\lib\connector-api-1.5.jar;C:\Users\Pituba\Desktop\JDBC drivers firebird\lib\jna-4.4.0.jar;C:\Users\Pituba\Desktop\JDBC drivers firebird\jaybird-3.0.5\jaybird-3.0.5.jar;C:\Users\Pituba\Documents\NetBeansProjects\Bingo\build\classes
Launcher Type: SUN_STANDARD

Environment Variables:
PATH=C:\Program Files (x86)\Common Files\Oracle\Java\javapath;C:\ProgramData\Oracle\Java\javapath;C:\Program Files (x86)\NVIDIA Corporation\PhysX\Common;C:\Windows\system32;C:\Windows;C:\Windows\System32\Wbem;C:\Windows\System32\WindowsPowerShell\v1.0\;C:\Program Files\Java\jdk1.8.0_161\bin;C:\Program Files (x86)\Inno Setup 5;C:\Program Files (x86)\WiX Toolset v3.11\bin;C:\Program Files\MySQL\MySQL Server 5.5\bin;C:\Program Files\Git\cmd;C:\Users\Pituba\AppData\Roaming\NetBeans\8.2\modules\ext\apache-ant-1.9.13\bin;C:\Users\Pituba\AppData\Local\Programs\Microsoft VS Code\bin;C:\Users\Pituba\AppData\Local\GitHubDesktop\bin
USERNAME=Pituba
OS=Windows_NT
PROCESSOR_IDENTIFIER=Intel64 Family 15 Model 4 Stepping 9, GenuineIntel



---------------  S Y S T E M  ---------------

OS: Windows 7 , 64 bit Build 7601 (6.1.7601.24545)

CPU:total 2 (initial active 2) (1 cores per cpu, 2 threads per core) family 15 model 4 stepping 9, cmov, cx8, fxsr, mmx, sse, sse2, sse3, ht, tsc

Memory: 4k page, physical 2882040k(225128k free), swap 5762180k(2060880k free)

vm_info: Java HotSpot(TM) 64-Bit Server VM (25.161-b12) for windows-amd64 JRE (1.8.0_161-b12), built on Dec 19 2017 17:52:25 by "java_re" with MS VC++ 10.0 (VS2010)

time: Mon Feb 14 18:28:13 2022
elapsed time: 31 seconds (0d 0h 0m 31s)

